<?xml version="1.0" encoding="UTF-8"?>
<!-- Generated by org.testng.reporters.JUnitXMLReporter -->
<testsuite ignored="0" hostname="DESKTOP-1K5HUI9" failures="0" tests="2" name="Default test" time="48.708" errors="0" timestamp="2022-09-20T18:51:20 BDT">
  <testcase classname="org.rahulshettyacademy.eCommerce_tc_1" name="FillForm_ErrorValidation" time="25.207"/>
  <testcase classname="org.rahulshettyacademy.eCommerce_tc_1" name="FillForm_PositileFlow" time="8.819"/>
</testsuite> <!-- Default test -->
