<?xml version="1.0" encoding="UTF-8"?>
<!-- Generated by org.testng.reporters.JUnitXMLReporter -->
<testsuite ignored="0" hostname="DESKTOP-1K5HUI9" failures="0" tests="2" name="End to End Freamework" time="47.552" errors="0" timestamp="2022-09-20T19:15:21 BDT">
  <testcase classname="org.rahulshettyacademy.eCommarce_tc_2" name="FillForm" time="19.664"/>
  <testcase classname="org.rahulshettyacademy.eCommarce_tc_2" name="FillForm" time="14.328"/>
</testsuite> <!-- End to End Freamework -->
