<?xml version="1.0" encoding="UTF-8"?>
<!-- Generated by org.testng.reporters.JUnitXMLReporter -->
<testsuite ignored="0" hostname="DESKTOP-1K5HUI9" failures="0" tests="2" name="Error Validation" time="45.754" errors="0" timestamp="2022-09-20T19:14:33 BDT">
  <testcase classname="org.rahulshettyacademy.eCommerce_tc_1" name="FillForm_ErrorValidation" time="21.148"/>
  <testcase classname="org.rahulshettyacademy.eCommerce_tc_1" name="FillForm_PositileFlow" time="9.182"/>
</testsuite> <!-- Error Validation -->
